DROP TABLE
CREATE TABLE
COPY 2447
DROP VIEW
CREATE VIEW
DROP VIEW
CREATE VIEW
DROP VIEW
CREATE VIEW
DROP VIEW
CREATE VIEW
duplicate fen
 count | eco |          meta          |          name          |         var1         |         var2          |     var3     |                                fen                                
-------+-----+------------------------+------------------------+----------------------+-----------------------+--------------+-------------------------------------------------------------------
     2 | C38 | King's Gambit Accepted | King's Gambit Accepted | Greco Gambit         | #2                    |              | rnbqk1nb/pp3p2/2pp4/4N1p1/2BPPp2/2N5/PPP3P1/R1BQK3 b Qq -
     2 | C38 | King's Gambit Accepted | King's Gambit Accepted | Greco Gambit         | Calabrese Gambit      |              | rnbqk1nb/pp3p2/2pp4/4N1p1/2BPPp2/2N5/PPP3P1/R1BQK3 b Qq -
     2 | A58 | Benko                  | Benko Gambit Accepted  |                      |                       |              | rnbqkb1r/3ppppp/P4n2/2pP4/8/8/PP2PPPP/RNBQKBNR b KQkq -
     2 | A58 | Benko                  | Benko Gambit Accepted  | Fully Accepted       |                       |              | rnbqkb1r/3ppppp/P4n2/2pP4/8/8/PP2PPPP/RNBQKBNR b KQkq -
     2 | C55 | Italian                | Italian Game           | Scotch Gambit        | Walbrodt-Baird Gambit |              | r1bqk2r/pppp1ppp/2n2n2/2b5/2BpP3/2P2N2/PP3PPP/RNBQ1RK1 b kq -
     2 | C54 | Italian                | Italian Game           | Classical            | Greco Gambit          | Mason Gambit | r1bqk2r/pppp1ppp/2n2n2/2b5/2BpP3/2P2N2/PP3PPP/RNBQ1RK1 b kq -
     2 | A00 | Van Geet               | Van Geet Opening       | Nowokunski Gambit    |                       |              | rnbqkbnr/pppp1ppp/8/8/4Pp2/2N5/PPPP2PP/R1BQKBNR b KQkq -
     2 | C33 | King's Gambit Accepted | King's Gambit Accepted | Mason-Keres Gambit   |                       |              | rnbqkbnr/pppp1ppp/8/8/4Pp2/2N5/PPPP2PP/R1BQKBNR b KQkq -
     2 | A41 | Pterodactyl            | Pterodactyl Defense    |                      |                       |              | rnb1k1nr/pp2ppbp/3p2p1/q1p5/2PPP3/2N2N2/PP3PPP/R1BQKB1R w KQkq -
     2 | A42 | Modern                 | Modern Defense         | Pterodactyl          |                       |              | rnb1k1nr/pp2ppbp/3p2p1/q1p5/2PPP3/2N2N2/PP3PPP/R1BQKB1R w KQkq -
     2 | A42 | Modern                 | Modern Defense         | Averbakh System      | Kotov                 |              | r1bqk1nr/ppp1ppbp/2np2p1/8/2PPP3/2N5/PP3PPP/R1BQKBNR w KQkq -
     2 | A41 | Modern                 | Modern Defense         | Kotov                |                       |              | r1bqk1nr/ppp1ppbp/2np2p1/8/2PPP3/2N5/PP3PPP/R1BQKBNR w KQkq -
     2 | A41 | Modern                 | Modern Defense         | Randspringer         |                       |              | rnbqk1nr/ppp1p1bp/3p2p1/5p2/2PPP3/2N5/PP3PPP/R1BQKBNR w KQkq -
     2 | A42 | Modern                 | Modern Defense         | Averbakh System      | Randspringer          |              | rnbqk1nr/ppp1p1bp/3p2p1/5p2/2PPP3/2N5/PP3PPP/R1BQKBNR w KQkq -
     2 | C10 | French                 | French Defense         | Marshall             |                       |              | rnbqkbnr/pp3ppp/4p3/2pp4/3PP3/2N5/PPP2PPP/R1BQKBNR w KQkq -
     2 | B23 | Sicilian               | Sicilian Defense       | Marshall Gambit      |                       |              | rnbqkbnr/pp3ppp/4p3/2pp4/3PP3/2N5/PPP2PPP/R1BQKBNR w KQkq -
     2 | B11 | Caro-Kann              | Caro-Kann Defense      |                      |                       |              | rnbqkbnr/pp2pppp/2p5/3p4/4P3/2N5/PPPP1PPP/R1BQKBNR w KQkq -
     2 | A00 | Van Geet               | Van Geet Opening       | Caro-Kann            |                       |              | rnbqkbnr/pp2pppp/2p5/3p4/4P3/2N5/PPPP1PPP/R1BQKBNR w KQkq -
     2 | A13 | English                | English Opening        | Romanishin Gambit    |                       |              | rnbqkb1r/2pp1ppp/p3pn2/1p6/2P5/5NP1/PP1PPPBP/RNBQK2R w KQkq -
     2 | A13 | English                | English Opening        | Anglo-Indian Defense | Romanishin Gambit     |              | rnbqkb1r/2pp1ppp/p3pn2/1p6/2P5/5NP1/PP1PPPBP/RNBQK2R w KQkq -
     2 | A40 | Modern                 | Modern Defense         | Semi-Averbakh        | Polish                |              | rnb1k1nr/pp1pppbp/1q4p1/2p5/2PPP3/5N2/PP3PPP/RNBQKB1R w KQkq -
     2 | B06 | Modern                 | Modern Defense         | Improved Maroczy     |                       |              | rnb1k1nr/pp1pppbp/1q4p1/2p5/2PPP3/5N2/PP3PPP/RNBQKB1R w KQkq -
     2 | A41 | Robatsch               | Robatsch Defense       |                      |                       |              | rn1qk1nr/ppp1ppbp/3p2p1/8/2PPP1b1/5N2/PP3PPP/RNBQKB1R w KQkq -
     2 | A41 | Modern                 | Modern Defense         | Rossolimo            |                       |              | rn1qk1nr/ppp1ppbp/3p2p1/8/2PPP1b1/5N2/PP3PPP/RNBQKB1R w KQkq -
     2 | A07 | King's Indian          | King's Indian Attack   | Yugoslav             | #2                    |              | rnbqkb1r/ppp1pppp/5n2/3p4/8/5NP1/PPPPPP1P/RNBQKB1R w KQkq -
     2 | A08 | King's Indian          | King's Indian Attack   |                      |                       |              | rnbqkb1r/ppp1pppp/5n2/3p4/8/5NP1/PPPPPP1P/RNBQKB1R w KQkq -
     2 | A56 | Benoni                 | Benoni Defense         | Vulture Defense      |                       |              | rnbqkb1r/pp1ppppp/8/2pP4/2P1n3/8/PP2PPPP/RNBQKBNR w KQkq -
     2 | A56 | Benoni                 | Benoni Defense         | Vulture Defense      |                       |              | rnbqkb1r/pp1ppppp/8/2pP4/2P1n3/8/PP2PPPP/RNBQKBNR w KQkq -
     2 | B00 | Nimzowitsch            | Nimzowitsch Defense    | Woodchuck            |                       |              | r1bqkbnr/1ppppppp/p1n5/8/3PP3/8/PPP2PPP/RNBQKBNR w KQkq -
     2 | B00 | St. George             | St. George Defense     | Woodchuck            |                       |              | r1bqkbnr/1ppppppp/p1n5/8/3PP3/8/PPP2PPP/RNBQKBNR w KQkq -
     2 | A82 | Dutch                  | Dutch Defense          | Staunton Gambit      | Balogh Defense        |              | rnbqkbnr/ppp1p1pp/3p4/5p2/3PP3/8/PPP2PPP/RNBQKBNR w KQkq -
     2 | B07 | Rat                    | Rat Defense            | Balogh Defense       |                       |              | rnbqkbnr/ppp1p1pp/3p4/5p2/3PP3/8/PPP2PPP/RNBQKBNR w KQkq -
     2 | A41 | Modern                 | Modern Defense         | Averbakh System      |                       |              | rnbqk1nr/ppp1ppbp/3p2p1/8/2PPP3/2N5/PP3PPP/R1BQKBNR b KQkq -
     2 | A42 | Modern                 | Modern Defense         | Averbakh             |                       |              | rnbqk1nr/ppp1ppbp/3p2p1/8/2PPP3/2N5/PP3PPP/R1BQKBNR b KQkq -
     2 | C55 | Italian                | Italian Game           | Two Knights Defense  | de Riviere Gambit     |              | r1bqkb1r/pppp1ppp/2n2n2/4p3/2B1P3/2P2N2/PP1P1PPP/RNBQK2R b KQkq -
     2 | C44 | Ponziani               | Ponziani Opening       | Neumann Gambit       |                       |              | r1bqkb1r/pppp1ppp/2n2n2/4p3/2B1P3/2P2N2/PP1P1PPP/RNBQK2R b KQkq -
     2 | A06 | Nimzo-Larsen           | Nimzo-Larsen Attack    | Classical            |                       |              | rnbqkbnr/ppp1pppp/8/3p4/8/1P3N2/P1PPPPPP/RNBQKB1R b KQkq -
     2 | A06 | Nimzo-Larsen           | Nimzo-Larsen Attack    |                      |                       |              | rnbqkbnr/ppp1pppp/8/3p4/8/1P3N2/P1PPPPPP/RNBQKB1R b KQkq -
     2 | B54 | Sicilian               | Sicilian Defense       |                      |                       |              | rnbqkbnr/pp2pppp/3p4/2p5/3PP3/5N2/PPP2PPP/RNBQKB1R b KQkq -
     2 | B50 | Sicilian               | Sicilian Defense       | #2                   |                       |              | rnbqkbnr/pp2pppp/3p4/2p5/3PP3/5N2/PPP2PPP/RNBQKB1R b KQkq -
     2 | A46 | Indian                 | Indian Game            | Knights              |                       |              | rnbqkb1r/pppppppp/5n2/8/3P4/5N2/PPP1PPPP/RNBQKB1R b KQkq -
     2 | A46 | Torre                  | Torre Attack           | #2                   |                       |              | rnbqkb1r/pppppppp/5n2/8/3P4/5N2/PPP1PPPP/RNBQKB1R b KQkq -
     2 | A04 | Zukertort              | Zukertort Opening      | Lemberger Gambit     |                       |              | rnbqkb1r/pppppppp/5n2/8/4P3/5N2/PPPP1PPP/RNBQKB1R b KQkq -
     2 | B02 | Alekhine               | Alekhine Defense       | John Tracy Gambit    |                       |              | rnbqkb1r/pppppppp/5n2/8/4P3/5N2/PPPP1PPP/RNBQKB1R b KQkq -
(44 rows)

duplicate NULL var1
 count | eco |       meta        |         name          | var1 | var2 | var3 |                              fen                              
-------+-----+-------------------+-----------------------+------+------+------+---------------------------------------------------------------
     2 | A01 | Nimzo-Larsen      | Nimzo-Larsen Attack   |      |      |      | rnbqkbnr/pppppppp/8/8/8/1P6/P1PPPPPP/RNBQKBNR b KQkq -
     2 | A02 | Bird              | Bird Opening          |      |      |      | rnbqkbnr/pppppppp/8/8/5P2/8/PPPPP1PP/RNBQKBNR b KQkq -
     2 | A03 | Bird              | Bird Opening          |      |      |      | rnbqkb1r/pppppppp/5n2/8/5P2/8/PPPPP1PP/RNBQKBNR w KQkq -
     3 | A04 | Reti              | Reti Opening          |      |      |      | rnbqkbnr/pppppppp/8/8/8/5N2/PPPPPPPP/RNBQKB1R b KQkq -
     2 | A06 | Nimzo-Larsen      | Nimzo-Larsen Attack   |      |      |      | rnbqkbnr/ppp1pppp/8/3p4/8/1P3N2/P1PPPPPP/RNBQKB1R b KQkq -
     3 | A06 | Reti              | Reti Opening          |      |      |      | rnbqkbnr/ppp1pppp/8/3p4/8/5N2/PPPPPPPP/RNBQKB1R w KQkq -
     2 | A07 | King's Indian     | King's Indian Attack  |      |      |      | rnbqkbnr/ppp1pppp/8/3p4/8/5NP1/PPPPPP1P/RNBQKB1R b KQkq -
     2 | A08 | King's Indian     | King's Indian Attack  |      |      |      | rnbqkb1r/ppp1pppp/5n2/3p4/8/5NP1/PPPPPP1P/RNBQKB1R w KQkq -
     3 | A09 | Reti              | Reti Opening          |      |      |      | rnbqkbnr/ppp1pppp/8/3p4/2P5/5N2/PP1PPPPP/RNBQKB1R b KQkq -
     3 | A40 | Modern            | Modern Defense        |      |      |      | rnbqkbnr/pppppp1p/6p1/8/3P4/8/PPP1PPPP/RNBQKBNR w KQkq -
     2 | A40 | Queen's Pawn Game | Queen's Pawn          |      |      |      | rnbqkbnr/pppppppp/8/8/3P4/8/PPP1PPPP/RNBQKBNR b KQkq -
     3 | A41 | Modern            | Modern Defense        |      |      |      | rnbqk1nr/ppp1ppbp/3p2p1/8/2PP4/2N5/PP2PPPP/R1BQKBNR w KQkq -
     2 | A41 | Old Indian        | Old Indian Defense    |      |      |      | rnbqkbnr/ppp1pppp/3p4/8/2PP4/8/PP2PPPP/RNBQKBNR b KQkq -
     2 | A41 | Queen's Pawn Game | Queen's Pawn          |      |      |      | rnbqkbnr/ppp1pppp/3p4/8/3P4/8/PPP1PPPP/RNBQKBNR w KQkq -
     2 | A43 | Old Benoni        | Old Benoni Defense    |      |      |      | rnbqkbnr/pp1ppppp/8/2p5/3P4/8/PPP1PPPP/RNBQKBNR w KQkq -
     2 | A44 | Old Benoni        | Old Benoni Defense    |      |      |      | rnbqkbnr/pp1p1ppp/8/2pPp3/8/8/PPP1PPPP/RNBQKBNR w KQkq -
     2 | A53 | Old Indian        | Old Indian Defense    |      |      |      | rnbqkb1r/ppp1pppp/3p1n2/8/2PP4/8/PP2PPPP/RNBQKBNR w KQkq -
     2 | A56 | Benoni            | Benoni Defense        |      |      |      | rnbqkb1r/pp1ppppp/5n2/2p5/2PP4/8/PP2PPPP/RNBQKBNR w KQkq -
     3 | A57 | Benko             | Benko Gambit Accepted |      |      |      | rnbqkb1r/3ppppp/p4n2/1PpP4/8/8/PP2PPPP/RNBQKBNR w KQkq -
     3 | A58 | Benko             | Benko Gambit Accepted |      |      |      | rnbqkb1r/3ppppp/P4n2/2pP4/8/8/PP2PPPP/RNBQKBNR b KQkq -
     3 | A59 | Benko             | Benko Gambit Accepted |      |      |      | rn1qkb1r/4pp1p/3p1np1/2pP4/4P3/2N3P1/PP3P1P/R1BQ1KNR b kq -
     2 | A61 | Benoni            | Benoni Defense        |      |      |      | rnbqkb1r/pp3p1p/3p1np1/2pP4/8/2N2N2/PP2PPPP/R1BQKB1R w KQkq -
     2 | A80 | Dutch             | Dutch Defense         |      |      |      | rnbqkbnr/ppppp1pp/8/5p2/3P4/8/PPP1PPPP/RNBQKBNR w KQkq -
     2 | A84 | Dutch             | Dutch Defense         |      |      |      | rnbqkbnr/ppppp1pp/8/5p2/2PP4/8/PP2PPPP/RNBQKBNR b KQkq -
     2 | B00 | King's Pawn Game  | King's Pawn Game      |      |      |      | rnbqkbnr/pppppppp/8/8/4P3/8/PPPP1PPP/RNBQKBNR b KQkq -
     2 | B00 | St. George        | St. George Defense    |      |      |      | rnbqkbnr/1ppppppp/p7/8/4P3/8/PPPP1PPP/RNBQKBNR w KQkq -
     2 | B02 | Alekhine          | Alekhine Defense      |      |      |      | rnbqkb1r/pppppppp/5n2/8/4P3/8/PPPP1PPP/RNBQKBNR w KQkq -
     2 | B03 | Alekhine          | Alekhine Defense      |      |      |      | rnbqkb1r/ppp1pppp/3p4/3nP3/3P4/8/PPP2PPP/RNBQKBNR w KQkq -
     3 | B06 | Modern            | Modern Defense        |      |      |      | rnbqkbnr/pppppp1p/6p1/8/4P3/8/PPPP1PPP/RNBQKBNR w KQkq -
     4 | B10 | Caro-Kann         | Caro-Kann Defense     |      |      |      | rnbqkbnr/pp1ppppp/2p5/8/4P3/8/PPPP1PPP/RNBQKBNR w KQkq -
     4 | B11 | Caro-Kann         | Caro-Kann Defense     |      |      |      | rnbqkbnr/pp2pppp/2p5/3p4/4P3/2N5/PPPP1PPP/R1BQKBNR w KQkq -
     4 | B12 | Caro-Kann         | Caro-Kann Defense     |      |      |      | rnbqkbnr/pp1ppppp/2p5/8/3PP3/8/PPP2PPP/RNBQKBNR b KQkq -
     4 | B15 | Caro-Kann         | Caro-Kann Defense     |      |      |      | rnbqkbnr/pp2pppp/2p5/3p4/3PP3/2N5/PPP2PPP/R1BQKBNR b KQkq -
     4 | B20 | Sicilian          | Sicilian Defense      |      |      |      | rnbqkbnr/pp1ppppp/8/2p5/4P3/8/PPPP1PPP/RNBQKBNR w KQkq -
     4 | B27 | Sicilian          | Sicilian Defense      |      |      |      | rnbqkbnr/pp1ppppp/8/2p5/4P3/5N2/PPPP1PPP/RNBQKB1R b KQkq -
     4 | B50 | Sicilian          | Sicilian Defense      |      |      |      | rnbqkbnr/pp2pppp/3p4/2p5/4P3/5N2/PPPP1PPP/RNBQKB1R w KQkq -
     4 | B54 | Sicilian          | Sicilian Defense      |      |      |      | rnbqkbnr/pp2pppp/3p4/2p5/3PP3/5N2/PPP2PPP/RNBQKB1R b KQkq -
     2 | C00 | St. George        | St. George Defense    |      |      |      | rnbqkbnr/1ppp1ppp/p3p3/8/3PP3/8/PPP2PPP/RNBQKBNR w KQkq -
     2 | C20 | King's Pawn Game  | King's Pawn Game      |      |      |      | rnbqkbnr/pppp1ppp/8/4p3/4P3/8/PPPP1PPP/RNBQKBNR w KQkq -
     2 | C44 | Scotch            | Scotch Game           |      |      |      | r1bqkbnr/pppp1ppp/2n5/4p3/3PP3/5N2/PPP2PPP/RNBQKB1R b KQkq -
     2 | C45 | Scotch            | Scotch Game           |      |      |      | r1bqkbnr/pppp1ppp/2n5/8/3NP3/8/PPP2PPP/RNBQKB1R b KQkq -
(41 rows)

duplicate NULL var2
 count | eco |          meta          |          name          |           var1            | var2 | var3 |                                fen                                
-------+-----+------------------------+------------------------+---------------------------+------+------+-------------------------------------------------------------------
     2 | A61 | Benoni                 | Benoni Defense         | Fianchetto                |      |      | rnbqkb1r/pp3p1p/3p1np1/2pP4/8/2N2NP1/PP2PP1P/R1BQKB1R b KQkq -
     2 | A62 | Benoni                 | Benoni Defense         | Fianchetto                |      |      | rnbq1rk1/pp3pbp/3p1np1/2pP4/8/2N2NP1/PP2PPBP/R1BQK2R w KQ -
     2 | A56 | Benoni                 | Benoni Defense         | Vulture Defense           |      |      | rnbqkb1r/pp1ppppp/8/2pP4/2P1n3/8/PP2PPPP/RNBQKBNR w KQkq -
     2 | A56 | Benoni                 | Benoni Defense         | Vulture Defense           |      |      | rnbqkb1r/pp1ppppp/8/2pP4/2P1n3/8/PP2PPPP/RNBQKBNR w KQkq -
     2 | A43 | Benoni                 | Benoni Defense         | Zilbermints-Benoni Gambit |      |      | rnbqkbnr/pp1ppppp/8/2p5/1P1P4/8/P1P1PPPP/RNBQKBNR b KQkq -
     2 | A56 | Benoni                 | Benoni Defense         | Zilbermints-Benoni Gambit |      |      | rnbqkbnr/pp1ppppp/8/8/1P1p4/5N2/P1P1PPPP/RNBQKB1R b KQkq -
     2 | A02 | Bird                   | Bird Opening           | Williams Gambit           |      |      | rnbqkb1r/ppp1pppp/5n2/8/4pP2/2N5/PPPPQ1PP/R1B1KBNR b KQkq -
     2 | A03 | Bird                   | Bird Opening           | Williams Gambit           |      |      | rnbqkbnr/ppp1pppp/8/3p4/4PP2/8/PPPP2PP/RNBQKBNR b KQkq -
     2 | A40 | Borg                   | Borg Defense           | Borg Gambit               |      |      | rnbqkbnr/pppppp1p/8/6p1/3P4/8/PPP1PPPP/RNBQKBNR w KQkq -
     2 | B00 | Borg                   | Borg Defense           | Borg Gambit               |      |      | rnbqk1nr/ppppppbp/8/6p1/3PP3/8/PPP2PPP/RNBQKBNR w KQkq -
     2 | B10 | Caro-Kann              | Caro-Kann Defense      | #2                        |      |      | rnbqkbnr/pp1ppppp/2p5/8/4P3/2N5/PPPP1PPP/R1BQKBNR b KQkq -
     2 | B12 | Caro-Kann              | Caro-Kann Defense      | #2                        |      |      | rnbqkbnr/pp2pppp/2p5/3p4/3PP3/8/PPP2PPP/RNBQKBNR w KQkq -
     2 | A40 | Caro-Kann              | Caro-Kann Defense      | De Bruycker Defense       |      |      | r1bqkbnr/pp1ppppp/n1p5/8/3PP3/8/PPP2PPP/RNBQKBNR w KQkq -
     2 | B12 | Caro-Kann              | Caro-Kann Defense      | De Bruycker Defense       |      |      | r1bqkbnr/ppnppppp/2p5/8/3PP3/2N5/PPP2PPP/R1BQKBNR w KQkq -
     2 | B13 | Caro-Kann              | Caro-Kann Defense      | Panov Attack              |      |      | rnbqkb1r/pp2pppp/5n2/3p4/2PP4/2N5/PP3PPP/R1BQKBNR b KQkq -
     2 | B14 | Caro-Kann              | Caro-Kann Defense      | Panov Attack              |      |      | rnbqkb1r/pp3ppp/4pn2/3p4/2PP4/2N5/PP3PPP/R1BQKBNR w KQkq -
     5 | A84 | Dutch                  | Dutch Defense          | Classical                 |      |      | rnbqkbnr/pppp2pp/4p3/5p2/2PP4/8/PP2PPPP/RNBQKBNR w KQkq -
     5 | A90 | Dutch                  | Dutch Defense          | Classical                 |      |      | rnbqkb1r/pppp2pp/4pn2/5p2/2PP4/6P1/PP2PPBP/RNBQK1NR b KQkq -
     5 | A91 | Dutch                  | Dutch Defense          | Classical                 |      |      | rnbqk2r/ppppb1pp/4pn2/5p2/2PP4/6P1/PP2PPBP/RNBQK1NR w KQkq -
     5 | A92 | Dutch                  | Dutch Defense          | Classical                 |      |      | rnbq1rk1/ppppb1pp/4pn2/5p2/2PP4/5NP1/PP2PPBP/RNBQK2R w KQ -
     5 | A96 | Dutch                  | Dutch Defense          | Classical                 |      |      | rnbq1rk1/ppp1b1pp/3ppn2/5p2/2PP4/5NP1/PP2PPBP/RNBQ1RK1 w - -
     2 | A86 | Dutch                  | Dutch Defense          | Leningrad                 |      |      | rnbqkb1r/ppppp2p/5np1/5p2/2PP4/6P1/PP2PP1P/RNBQKBNR w KQkq -
     2 | A87 | Dutch                  | Dutch Defense          | Leningrad                 |      |      | rnbqk2r/ppppp1bp/5np1/5p2/2PP4/5NP1/PP2PPBP/RNBQK2R b KQkq -
     2 | A82 | Dutch                  | Dutch Defense          | Staunton Gambit           |      |      | rnbqkbnr/ppppp1pp/8/5p2/3PP3/8/PPP2PPP/RNBQKBNR b KQkq -
     2 | A83 | Dutch                  | Dutch Defense          | Staunton Gambit           |      |      | rnbqkb1r/ppppp1pp/5n2/6B1/3Pp3/2N5/PPP2PPP/R2QKBNR b KQkq -
     2 | A20 | English                | English Opening        | King's English            |      |      | rnbqkbnr/pppp1ppp/8/4p3/2P5/8/PP1PPPPP/RNBQKBNR w KQkq -
     2 | A21 | English                | English Opening        | King's English            |      |      | rnbqkbnr/ppp2ppp/3p4/4p3/2P5/2N2N2/PP1PPPPP/R1BQKB1R b KQkq -
     2 | C48 | Four Knights           | Four Knights Game      | Spanish                   |      |      | r1bqkb1r/pppp1ppp/2n2n2/1B2p3/4P3/2N2N2/PPPP1PPP/R1BQK2R b KQkq -
     2 | C49 | Four Knights           | Four Knights Game      | Spanish                   |      |      | r1bq1rk1/pppp1ppp/2n2n2/1B2p3/4P3/2bP1N2/PPP2PPP/R1BQ1RK1 w - -
     2 | C11 | French                 | French Defense         | Classical                 |      |      | rnbqkb1r/ppp2ppp/4pn2/3p4/3PP3/2N5/PPP2PPP/R1BQKBNR w KQkq -
     2 | C14 | French                 | French Defense         | Classical                 |      |      | rnb1k2r/pppnqppp/4p3/3pP3/3P4/2N5/PPP2PPP/R2QKBNR w KQkq -
     2 | C51 | Italian                | Italian Game           | Evans Gambit              |      |      | r1bqk1nr/pppp1ppp/2n5/2b1p3/1PB1P3/5N2/P1PP1PPP/RNBQK2R b KQkq -
     2 | C52 | Italian                | Italian Game           | Evans Gambit              |      |      | r1bqk1nr/ppp2ppp/2np4/b3p3/2B1P3/2P2N2/P2P1PPP/RNBQ1RK1 w kq -
     2 | C50 | Italian                | Italian Game           | Giuoco Piano              |      |      | r1bqk1nr/pppp1ppp/2n5/2b1p3/2B1P3/5N2/PPPP1PPP/RNBQK2R w KQkq -
     2 | C55 | Italian                | Italian Game           | Giuoco Piano              |      |      | r1bqk2r/ppp2ppp/3p1n2/4p1B1/2BnP3/8/PPP2PPP/RN1Q1RK1 w kq -
     2 | C55 | Italian                | Italian Game           | Two Knights Defense       |      |      | r1bqkb1r/pppp1ppp/2n2n2/4p3/2B1P3/5N2/PPPP1PPP/RNBQK2R w KQkq -
     2 | C58 | Italian                | Italian Game           | Two Knights Defense       |      |      | r1bqkb1r/p4ppp/2p2n2/n3p1N1/8/8/PPPPBPPP/RNBQK2R b KQkq -
     2 | C37 | King's Gambit Accepted | King's Gambit Accepted | King Knight's Gambit      |      |      | rnbqkbnr/pppp1p1p/8/6p1/4Pp2/5N2/PPPP2PP/RNBQKB1R w KQkq -
     2 | C39 | King's Gambit Accepted | King's Gambit Accepted | King Knight's Gambit      |      |      | rnbqkbnr/pppp1p1p/8/6p1/4Pp1P/5N2/PPPP2P1/RNBQKB1R b KQkq -
     2 | C34 | King's Gambit Accepted | King's Gambit Accepted | King's Knight Gambit      |      |      | rnbqkbnr/pppp1ppp/8/8/4Pp2/5N2/PPPP2PP/RNBQKB1R b KQkq -
     2 | C37 | King's Gambit Accepted | King's Gambit Accepted | King's Knight Gambit      |      |      | rnbqkbnr/pppp1p1p/8/6p1/2B1Pp2/5N2/PPPP2PP/RNBQK2R b KQkq -
     2 | A07 | King's Indian          | King's Indian Attack   | Sicilian                  |      |      | rnbqkbnr/pp2pppp/8/2pp4/8/5NP1/PPPPPP1P/RNBQKB1R w KQkq -
     2 | A08 | King's Indian          | King's Indian Attack   | Sicilian                  |      |      | rnbqkbnr/pp2pppp/8/2pp4/8/5NP1/PPPPPPBP/RNBQK2R b KQkq -
     2 | C44 | King's Knight          | King's Knight Opening  | Tayler Opening            |      |      | r1bqkb1r/pppp1ppp/2n2n2/4p3/3PP3/5N2/PPP1BPPP/RNBQK2R b KQkq -
     2 | C44 | King's Knight          | King's Knight Opening  | Tayler Opening            |      |      | r1bqkbnr/pppp1ppp/2n5/4p3/4P3/5N2/PPPPBPPP/RNBQK2R b KQkq -
     2 | B06 | Modern                 | Modern Defense         | Norwegian Defense         |      |      | rnbqkb1r/pppppp1p/5np1/8/3PP3/8/PPP2PPP/RNBQKBNR w KQkq -
     2 | B06 | Modern                 | Modern Defense         | Norwegian Defense         |      |      | rnbqkb1r/ppppppnp/6p1/4P3/3P2P1/8/PPP2P1P/RNBQKBNR w KQkq -
     2 | A42 | Modern                 | Modern Defense         | Pterodactyl               |      |      | rnb1k1nr/pp2ppbp/3p2p1/q1p5/2PPP3/2N2N2/PP3PPP/R1BQKB1R w KQkq -
     2 | B06 | Modern                 | Modern Defense         | Pterodactyl               |      |      | rnb1k1nr/pp1pppbp/6p1/q1p5/3PP3/2N2N2/PPP2PPP/R1BQKB1R w KQkq -
     2 | A01 | Nimzo-Larsen           | Nimzo-Larsen Attack    | Classical                 |      |      | rnbqkbnr/ppp1pppp/8/3p4/8/1P6/P1PPPPPP/RNBQKBNR w KQkq -
     2 | A06 | Nimzo-Larsen           | Nimzo-Larsen Attack    | Classical                 |      |      | rnbqkbnr/ppp1pppp/8/3p4/8/1P3N2/P1PPPPPP/RNBQKB1R b KQkq -
     2 | B07 | Pirc                   | Pirc Defense           | Classical                 |      |      | rnbqkb1r/ppp1pp1p/3p1np1/8/3PP3/2N5/PPP1BPPP/R1BQK1NR b KQkq -
     2 | B08 | Pirc                   | Pirc Defense           | Classical                 |      |      | rnbqk2r/ppp1ppbp/3p1np1/8/3PP3/2N2N2/PPP2PPP/R1BQKB1R w KQkq -
     2 | C43 | Russian                | Russian Game           | Modern Attack             |      |      | rnbqkb1r/pppp1ppp/5n2/8/3pP3/5N2/PPP2PPP/RNBQKB1R w KQkq -
     2 | C43 | Russian                | Russian Game           | Modern Attack             |      |      | rnbqkb1r/pppp1ppp/5n2/4p3/3PP3/5N2/PPP2PPP/RNBQKB1R b KQkq -
     2 | C44 | Scotch                 | Scotch Game            | Cochrane                  |      |      | r1bqk1nr/pppp1ppp/2n5/b3P3/2B5/2P2N2/P4PPP/RNBQK2R b KQkq -
     2 | C44 | Scotch                 | Scotch Game            | Cochrane                  |      |      | r1bqkb1r/pp1p1Npp/2p1nn2/8/2B1P3/8/PPP2PPP/RNBQ1RK1 b kq -
     2 | C44 | Scotch                 | Scotch Game            | Scotch Gambit             |      |      | r1bqkbnr/pppp1ppp/2n5/8/2BpP3/5N2/PPP2PPP/RNBQK2R b KQkq -
     2 | C44 | Scotch                 | Scotch Game            | Scotch Gambit             |      |      | r1bqk1nr/pppp1ppp/2n5/8/1bB1P3/2P2N2/P4PPP/RNBQK2R b KQkq -
     2 | B50 | Sicilian               | Sicilian Defense       | #2                        |      |      | rnbqkbnr/pp2pppp/3p4/2p5/3PP3/5N2/PPP2PPP/RNBQKB1R b KQkq -
     2 | B54 | Sicilian               | Sicilian Defense       | #2                        |      |      | rnbqkbnr/pp2pppp/3p4/8/3pP3/5N2/PPP2PPP/RNBQKB1R w KQkq -
     2 | B34 | Sicilian               | Sicilian Defense       | Accelerated Dragon        |      |      | rnbqkbnr/pp2pp1p/3p2p1/8/3NP3/8/PPP2PPP/RNBQKB1R w KQkq -
     2 | B36 | Sicilian               | Sicilian Defense       | Accelerated Dragon        |      |      | r1bqkbnr/pp1ppp1p/2n3p1/8/3NP3/8/PPP2PPP/RNBQKB1R w KQkq -
     2 | B58 | Sicilian               | Sicilian Defense       | Boleslavsky               |      |      | r1bqkb1r/pp3ppp/2np1n2/4p3/3NP3/2N5/PPP1BPPP/R1BQK2R w KQkq -
     2 | B59 | Sicilian               | Sicilian Defense       | Boleslavsky               |      |      | r1bqkb1r/pp3ppp/2np1n2/4p3/4P3/1NN5/PPP1BPPP/R1BQK2R b KQkq -
     2 | B56 | Sicilian               | Sicilian Defense       | Classical                 |      |      | r1bqkb1r/pp2pppp/2np1n2/8/3NP3/2N5/PPP2PPP/R1BQKB1R w KQkq -
     2 | B58 | Sicilian               | Sicilian Defense       | Classical                 |      |      | r1bqkb1r/pp2pppp/2np1n2/8/3NP3/2N5/PPP1BPPP/R1BQK2R b KQkq -
     6 | B23 | Sicilian               | Sicilian Defense       | Closed                    |      |      | rnbqkbnr/pp1ppppp/8/2p5/4P3/2N5/PPPP1PPP/R1BQKBNR b KQkq -
     6 | B23 | Sicilian               | Sicilian Defense       | Closed                    |      |      | rnbqkbnr/pp1p1ppp/4p3/2p5/4P3/2N5/PPPP1PPP/R1BQKBNR w KQkq -
     6 | B24 | Sicilian               | Sicilian Defense       | Closed                    |      |      | r1bqkbnr/pp1ppp1p/2n3p1/2p5/4P3/2N3P1/PPPP1P1P/R1BQKBNR w KQkq -
     6 | B25 | Sicilian               | Sicilian Defense       | Closed                    |      |      | r1bqk1nr/pp2ppbp/2np2p1/2p5/4PP2/2NP2P1/PPP3BP/R1BQK1NR b KQkq -
     6 | B25 | Sicilian               | Sicilian Defense       | Closed                    |      |      | r1bqk1nr/pp2ppbp/2np2p1/2p5/4P3/2NP2P1/PPP2PBP/R1BQK1NR w KQkq -
     6 | B26 | Sicilian               | Sicilian Defense       | Closed                    |      |      | r1bqk1nr/pp2ppbp/2np2p1/2p5/4P3/2NPB1P1/PPP2PBP/R2QK1NR b KQkq -
     2 | B40 | Sicilian               | Sicilian Defense       | Delayed Alapin            |      |      | rnbqkbnr/pp1p1ppp/4p3/2p5/4P3/2P2N2/PP1P1PPP/RNBQKB1R b KQkq -
     2 | B50 | Sicilian               | Sicilian Defense       | Delayed Alapin            |      |      | rnbqkbnr/pp2pppp/3p4/2p5/4P3/2P2N2/PP1P1PPP/RNBQKB1R b KQkq -
     5 | B90 | Sicilian               | Sicilian Defense       | Najdorf                   |      |      | rnbqkb1r/1p2pppp/p2p1n2/8/3NP3/2N5/PPP2PPP/R1BQKB1R w KQkq -
     5 | B94 | Sicilian               | Sicilian Defense       | Najdorf                   |      |      | rnbqkb1r/1p2pppp/p2p1n2/6B1/3NP3/2N5/PPP2PPP/R2QKB1R b KQkq -
     5 | B95 | Sicilian               | Sicilian Defense       | Najdorf                   |      |      | rnbqkb1r/1p3ppp/p2ppn2/6B1/3NP3/2N5/PPP2PPP/R2QKB1R w KQkq -
     5 | B96 | Sicilian               | Sicilian Defense       | Najdorf                   |      |      | rnbqkb1r/1p3ppp/p2ppn2/6B1/3NPP2/2N5/PPP3PP/R2QKB1R b KQkq -
     5 | B98 | Sicilian               | Sicilian Defense       | Najdorf                   |      |      | rnbqk2r/1p2bppp/p2ppn2/6B1/3NPP2/2N5/PPP3PP/R2QKB1R w KQkq -
     2 | B32 | Sicilian               | Sicilian Defense       | Open                      |      |      | r1bqkbnr/pp1ppppp/2n5/2p5/3PP3/5N2/PPP2PPP/RNBQKB1R b KQkq -
     2 | B33 | Sicilian               | Sicilian Defense       | Open                      |      |      | r1bqkb1r/pp1ppppp/2n2n2/8/3NP3/8/PPP2PPP/RNBQKB1R w KQkq -
     2 | B44 | Sicilian               | Sicilian Defense       | Paulsen                   |      |      | r1bqkbnr/pp1p1ppp/2n1p3/8/3NP3/8/PPP2PPP/RNBQKB1R w KQkq -
     2 | B46 | Sicilian               | Sicilian Defense       | Paulsen                   |      |      | r1bqkbnr/1p1p1ppp/p1n1p3/8/3NP3/2N5/PPP2PPP/R1BQKB1R w KQkq -
     2 | B60 | Sicilian               | Sicilian Defense       | Richter-Rauzer            |      |      | r1bqkb1r/pp2pppp/2np1n2/6B1/3NP3/2N5/PPP2PPP/R2QKB1R b KQkq -
     2 | B62 | Sicilian               | Sicilian Defense       | Richter-Rauzer            |      |      | r1bqkb1r/pp3ppp/2nppn2/6B1/3NP3/2NQ4/PPP2PPP/R3KB1R b KQkq -
     2 | C25 | Vienna                 | Vienna Game            | Vienna Gambit             |      |      | r1bqkbnr/pppp1ppp/2n5/4p3/4PP2/2N5/PPPP2PP/R1BQKBNR b KQkq -
     2 | C28 | Vienna                 | Vienna Game            | Vienna Gambit             |      |      | rnbqkb1r/pppp1ppp/5n2/4p3/4PP2/2N5/PPPP2PP/R1BQKBNR b KQkq -
(88 rows)

duplicate NULL var3
 count | eco |   meta    |       name        |         var1         |           var2            | var3 |                                 fen                                  
-------+-----+-----------+-------------------+----------------------+---------------------------+------+----------------------------------------------------------------------
     3 | A76 | Benoni    | Benoni Defense    | Classical            | Czerniak Defense          |      | rnbqr1k1/pp3pbp/3p1np1/2pP4/4P3/2N2N2/PP2BPPP/R1BQ1RK1 w - -
     3 | A78 | Benoni    | Benoni Defense    | Classical            | Czerniak Defense          |      | r1bqr1k1/pp3pbp/n2p1np1/2pP4/4P3/2N5/PP1NBPPP/R1BQ1RK1 w - -
     3 | A79 | Benoni    | Benoni Defense    | Classical            | Czerniak Defense          |      | r1bqr1k1/pp3pbp/n2p1np1/2pP4/4P3/2N2P2/PP1NB1PP/R1BQ1RK1 b - -
     2 | B12 | Caro-Kann | Caro-Kann Defense | Advance              | Short                     |      | rn1qkbnr/pp2pppp/2p5/3pPb2/3P4/5N2/PPP2PPP/RNBQKB1R b KQkq -
     2 | B12 | Caro-Kann | Caro-Kann Defense | Advance              | Short                     |      | rn1qkbnr/pp3ppp/2p1p3/3pPb2/3P4/2P5/PP2BPPP/RNBQK1NR b KQkq -
     2 | A94 | Dutch     | Dutch Defense     | Classical            | Stonewall                 |      | rnbq1rk1/pp2b1pp/2p1pn2/3p1p2/2PP4/BP3NP1/P3PPBP/RN1Q1RK1 b - -
     2 | A95 | Dutch     | Dutch Defense     | Classical            | Stonewall                 |      | rnbq1rk1/pp2b1pp/2p1pn2/3p1p2/2PP4/2N2NP1/PP2PPBP/R1BQ1RK1 w - -
     2 | A13 | English   | English Opening   | Agincourt Defense    | Catalan Defense           |      | rnbqkbnr/pp3ppp/4p3/2pp4/2P5/5NP1/PP1PPP1P/RNBQKB1R w KQkq -
     2 | A14 | English   | English Opening   | Agincourt Defense    | Catalan Defense           |      | rn1qkbnr/pbp2ppp/1p2p3/3p4/2P5/5NP1/PP1PPPBP/RNBQ1RK1 b kq -
     3 | A13 | English   | English Opening   | Anglo-Indian Defense | Queen's Indian Formation  |      | rn1qkb1r/pbpp1ppp/1p2pn2/8/2P5/5NP1/PP1PPPBP/RNBQK2R w KQkq -
     3 | A15 | English   | English Opening   | Anglo-Indian Defense | Queen's Indian Formation  |      | rnbqkb1r/p1pppppp/1p3n2/8/2P5/5N2/PP1PPPPP/RNBQKB1R w KQkq -
     3 | A17 | English   | English Opening   | Anglo-Indian Defense | Queen's Indian Formation  |      | rnbqkb1r/p1pp1ppp/1p2pn2/8/2P5/2N2N2/PP1PPPPP/R1BQKB1R w KQkq -
     2 | A36 | English   | English Opening   | Symmetrical          | Botvinnik System Reversed |      | r1bqk1nr/pp1p1pbp/2n3p1/2p1p3/2P5/2N1P1P1/PP1P1PBP/R1BQK1NR w KQkq -
     2 | A37 | English   | English Opening   | Symmetrical          | Botvinnik System Reversed |      | r1bqk1nr/pp1p1pbp/2n3p1/2p1p3/2P5/2N2NP1/PP1PPPBP/R1BQK2R w KQkq -
     2 | A34 | English   | English Opening   | Symmetrical          | Fianchetto                |      | rnbqkb1r/pp1ppppp/5n2/2p5/2P5/2N3P1/PP1PPP1P/R1BQKBNR b KQkq -
     2 | A36 | English   | English Opening   | Symmetrical          | Fianchetto                |      | r1bqkbnr/pp1ppppp/2n5/2p5/2P5/2N3P1/PP1PPP1P/R1BQKBNR b KQkq -
     2 | C11 | French    | French Defense    | Classical            | Steinitz                  |      | rnbqkb1r/ppp2ppp/4pn2/3pP3/3P4/2N5/PPP2PPP/R1BQKBNR b KQkq -
     2 | C14 | French    | French Defense    | Classical            | Steinitz                  |      | rnb1k2r/pppnqppp/4p3/3pP3/3P1P2/2N5/PPP3PP/R2QKBNR b KQkq -
     4 | C16 | French    | French Defense    | Winawer              | Advance                   |      | rnbqk1nr/ppp2ppp/4p3/3pP3/1b1P4/2N5/PPP2PPP/R1BQKBNR b KQkq -
     4 | C17 | French    | French Defense    | Winawer              | Advance                   |      | rnbqk1nr/pp3ppp/4p3/2ppP3/1b1P4/P1N5/1PP2PPP/R1BQKBNR b KQkq -
     4 | C18 | French    | French Defense    | Winawer              | Advance                   |      | rnbqk2r/pp2nppp/4p3/2ppP3/3P4/P1P5/2P2PPP/R1BQKBNR w KQkq -
     4 | C19 | French    | French Defense    | Winawer              | Advance                   |      | rnbqk2r/pp2nppp/4p3/2ppP3/P2P4/2P5/2P2PPP/R1BQKBNR b KQkq -
     2 | B36 | Sicilian  | Sicilian Defense  | Accelerated Dragon   | Maroczy Bind              |      | r1bqkbnr/pp1ppp1p/2n3p1/8/2PNP3/8/PP3PPP/RNBQKB1R b KQkq -
     2 | B38 | Sicilian  | Sicilian Defense  | Accelerated Dragon   | Maroczy Bind              |      | r1bqk1nr/pp1pppbp/2n3p1/8/2PNP3/4B3/PP3PPP/RN1QKB1R b KQkq -
     2 | B23 | Sicilian  | Sicilian Defense  | Closed               | #2                        |      | rnbqkbnr/pp1p1ppp/4p3/2p5/4P3/2N3P1/PPPP1P1P/R1BQKBNR b KQkq -
     2 | B24 | Sicilian  | Sicilian Defense  | Closed               | #2                        |      | r1bqk1nr/pp1pppbp/2n3p1/2p5/4P3/2N3P1/PPPP1PBP/R1BQK1NR w KQkq -
     2 | B72 | Sicilian  | Sicilian Defense  | Dragon               | Classical                 |      | r1bqk2r/pp2ppbp/2np1np1/8/4P3/1NN1B3/PPP1BPPP/R2QK2R b KQkq -
     2 | B73 | Sicilian  | Sicilian Defense  | Dragon               | Classical                 |      | r1bqk2r/pp2ppbp/2np1np1/8/3NP3/2N1B3/PPP1BPPP/R2Q1RK1 b kq -
     3 | B76 | Sicilian  | Sicilian Defense  | Dragon               | Yugoslav Attack           |      | rnbq1rk1/pp2ppbp/3p1np1/8/3NP3/2N1BP2/PPP3PP/R2QKB1R w KQ -
     3 | B77 | Sicilian  | Sicilian Defense  | Dragon               | Yugoslav Attack           |      | r2q1rk1/pp1bppbp/2np1np1/8/2BNP3/2N1BP2/PPPQ2PP/R3K2R w KQ -
     3 | B78 | Sicilian  | Sicilian Defense  | Dragon               | Yugoslav Attack           |      | r2q1rk1/pp1bppbp/2np1np1/8/2BNP3/2N1BP2/PPPQ2PP/2KR3R b - -
     3 | B47 | Sicilian  | Sicilian Defense  | Paulsen              | Bastrikov                 |      | r1b1kbnr/ppqp1ppp/2n1p3/8/3NP3/2N5/PPP2PPP/R1BQKB1R w KQkq -
     3 | B48 | Sicilian  | Sicilian Defense  | Paulsen              | Bastrikov                 |      | r1b1kbnr/ppqp1ppp/2n1p3/8/3NP3/2N1B3/PPP2PPP/R2QKB1R b KQkq -
     3 | B49 | Sicilian  | Sicilian Defense  | Paulsen              | Bastrikov                 |      | r1b1kbnr/1pqp1ppp/p1n1p3/8/3NP3/2N1B3/PPP1BPPP/R2QK2R b KQkq -
     3 | B63 | Sicilian  | Sicilian Defense  | Richter-Rauzer       | Classical                 |      | r1bqk2r/pp2bppp/2nppn2/6B1/3NP3/2N5/PPPQ1PPP/R3KB1R w KQkq -
     3 | B64 | Sicilian  | Sicilian Defense  | Richter-Rauzer       | Classical                 |      | r1bq1rk1/pp2bppp/2nppn2/6B1/3NPP2/2N5/PPPQ2PP/2KR1B1R b - -
     3 | B65 | Sicilian  | Sicilian Defense  | Richter-Rauzer       | Classical                 |      | r1bq1rk1/pp2bppp/3ppn2/6B1/3QPP2/2N5/PPP3PP/2KR1B1R b - -
     2 | B60 | Sicilian  | Sicilian Defense  | Richter-Rauzer       | Modern                    |      | r2qkb1r/pp1bpppp/2np1n2/6B1/3NP3/2N5/PPP2PPP/R2QKB1R w KQkq -
     2 | B61 | Sicilian  | Sicilian Defense  | Richter-Rauzer       | Modern                    |      | r2qkb1r/pp1bpppp/2np1n2/6B1/3NP3/2N5/PPPQ1PPP/R3KB1R b KQkq -
     2 | B67 | Sicilian  | Sicilian Defense  | Richter-Rauzer       | Neo-Modern                |      | r2qkb1r/1p1b1ppp/p1nppn2/6B1/3NP3/2N5/PPPQ1PPP/2KR1B1R w kq -
     2 | B68 | Sicilian  | Sicilian Defense  | Richter-Rauzer       | Neo-Modern                |      | r2qk2r/1p1bbppp/p1nppn2/6B1/3NPP2/2N5/PPPQ2PP/2KR1B1R w kq -
     2 | B83 | Sicilian  | Sicilian Defense  | Scheveningen         | Classical                 |      | rnbqkb1r/pp3ppp/3ppn2/8/3NP3/2N5/PPP1BPPP/R1BQK2R b KQkq -
     2 | B84 | Sicilian  | Sicilian Defense  | Scheveningen         | Classical                 |      | rnbqkb1r/1p3ppp/p2ppn2/8/3NP3/2N5/PPP1BPPP/R1BQK2R w KQkq -
(43 rows)

