CREATE FUNCTION
duplicated openings ...
 count | opening | halfmoves 
-------+---------+-----------
(0 rows)

duplicated var1 ...
 count | opening |     var1     | halfmoves 
-------+---------+--------------+-----------
     2 | Bird    | Swiss Gambit |         3
(1 row)

duplicate fen ...
                                fen                                 | count | openingid | eco  |    opening    |     var1     |    var2     | var3 | var4 | var5 |           moves           | halfmoves 
--------------------------------------------------------------------+-------+-----------+------+---------------+--------------+-------------+------+------+------+---------------------------+-----------
 rnbqkbnr/ppp1pppp/8/3p4/8/6P1/PPPPPP1P/RNBQKBNR w KQkq - 0 2       |     2 |        75 | A00v | Benko Opening | 1..d5        |             |      |      |      | 1.g3 d5                   |         2
 rnbqkbnr/ppp1pppp/8/3p4/8/6P1/PPPPPP1P/RNBQKBNR w KQkq - 0 2       |     2 |        71 | A00v | Benko Opening |              |             |      |      |      | 1.g3 d5                   |         2
 rnbqkb1r/pp2pppp/5n2/2pp4/2P5/2N3P1/PP1PPP1P/R1BQKBNR w KQkq - 0 4 |     2 |       886 | A34  | English       | Symmetrical  | 2..Nf6 3.g3 |      |      |      | 1.c4 c5 2.Nc3 Nf6 3.g3 d5 |         6
 rnbqkb1r/pp2pppp/5n2/2pp4/2P5/2N3P1/PP1PPP1P/R1BQKBNR w KQkq - 0 4 |     2 |       884 | A34  | English       | Symmetrical  | 2..Nf6      |      |      |      | 1.c4 c5 2.Nc3 Nf6 3.g3 d5 |         6
 rnbqkbnr/ppppp1pp/8/5p2/4PP2/8/PPPP2PP/RNBQKBNR b KQkq - 0 2       |     2 |       100 | A02  | Bird          | Swiss Gambit |             |      |      |      | 1.f4 f5 2.e4              |         3
 rnbqkbnr/ppppp1pp/8/5p2/4PP2/8/PPPP2PP/RNBQKBNR b KQkq - 0 2       |     2 |       102 | A02  | Bird          | Swiss Gambit |             |      |      |      | 1.f4 f5 2.e4              |         3
 rnbqkb1r/pp1ppppp/5n2/2p5/2P5/2N3P1/PP1PPP1P/R1BQKBNR b KQkq - 0 3 |     2 |       885 | A34  | English       | Symmetrical  | 2..Nf6 3.g3 |      |      |      | 1.c4 c5 2.Nc3 Nf6 3.g3    |         5
 rnbqkb1r/pp1ppppp/5n2/2p5/2P5/2N3P1/PP1PPP1P/R1BQKBNR b KQkq - 0 3 |     2 |       883 | A34  | English       | Symmetrical  | 2..Nf6      |      |      |      | 1.c4 c5 2.Nc3 Nf6 3.g3    |         5
(8 rows)

incorrect varations
    opening    |       var1        |               var2                |        var3         | var4 | var5 |                                                   moves                                                    |                                                    lag                                                     
---------------+-------------------+-----------------------------------+---------------------+------+------+------------------------------------------------------------------------------------------------------------+------------------------------------------------------------------------------------------------------------
 English       | Anglo-Dutch       | 2.Nf3                             |                     |      |      | 1.c4 f5 2.Nf3 Nf6 3.g3                                                                                     | 1.c4 f5 2.Nf3 e6
 English       | Anglo-Indian      | 2.Nc3 g6 3.g3                     |                     |      |      | 1.c4 Nf6 2.Nc3 g6 3.g3 Bg7 4.Bg2 O-O 5.Nf3                                                                 | 1.c4 Nf6 2.Nc3 g6 3.g3 Bg7 4.Bg2 O-O 5.e4
 English       | Botvinnik System  | 6..Nf6                            |                     |      |      | 1.c4 e5 2.Nc3 Nc6 3.g3 g6 4.Bg2 Bg7 5.d3 d6 6.e4 Nf6 7.Nge2                                                | 1.c4 e5 2.Nc3 Nc6 3.g3 g6 4.Bg2 Bg7 5.d3 d6 6.e4 Nf6 7.Nf3
 English       | Botvinnik System  | 6..Nf6                            |                     |      |      | 1.c4 e5 2.Nc3 Nc6 3.g3 g6 4.Bg2 Bg7 5.d3 d6 6.e4 Nf6 7.Nf3 O-O                                             | 1.c4 e5 2.Nc3 Nc6 3.g3 g6 4.Bg2 Bg7 5.d3 d6 6.e4 Nf6 7.Nge2
 English       | Botvinnik System  | 6..Nf6                            |                     |      |      | 1.c4 e5 2.Nc3 Nc6 3.g3 g6 4.Bg2 Bg7 5.d3 d6 6.e4 Nf6 7.Nge2 O-O 8.O-O                                      | 1.c4 e5 2.Nc3 Nc6 3.g3 g6 4.Bg2 Bg7 5.d3 d6 6.e4 Nf6 7.Nf3 O-O
 English       | Botvinnik System  | 6..Nf6                            |                     |      |      | 1.c4 e5 2.Nc3 Nc6 3.g3 g6 4.Bg2 Bg7 5.d3 d6 6.e4 Nf6 7.Nf3 O-O 8.O-O                                       | 1.c4 e5 2.Nc3 Nc6 3.g3 g6 4.Bg2 Bg7 5.d3 d6 6.e4 Nf6 7.Nge2 O-O 8.O-O
 English       | Bremen System     | 3..g6                             |                     |      |      | 1.c4 e5 2.Nc3 Nf6 3.g3 g6 4.Bg2 Bg7 5.Nf3                                                                  | 1.c4 e5 2.Nc3 Nf6 3.g3 g6 4.Bg2 Bg7 5.e3
 English       | Bremen System     | 3..g6                             |                     |      |      | 1.c4 e5 2.Nc3 Nf6 3.g3 g6 4.Bg2 Bg7 5.e4                                                                   | 1.c4 e5 2.Nc3 Nf6 3.g3 g6 4.Bg2 Bg7 5.Nf3
 English       | Bremen System     | 3..g6                             |                     |      |      | 1.c4 e5 2.Nc3 Nf6 3.g3 g6 4.Bg2 Bg7 5.e3 d6 6.Nge2 O-O                                                     | 1.c4 e5 2.Nc3 Nf6 3.g3 g6 4.Bg2 Bg7 5.e4 d6 6.Nf3
 English       | Bremen System     | 3..g6                             |                     |      |      | 1.c4 e5 2.Nc3 Nf6 3.g3 g6 4.Bg2 Bg7 5.e4 d6 6.Nge2 O-O                                                     | 1.c4 e5 2.Nc3 Nf6 3.g3 g6 4.Bg2 Bg7 5.e3 d6 6.Nge2 O-O
 English       | Bremen System     | 3..g6                             |                     |      |      | 1.c4 e5 2.Nc3 Nf6 3.g3 g6 4.Bg2 Bg7 5.Nf3 d6 6.O-O O-O                                                     | 1.c4 e5 2.Nc3 Nf6 3.g3 g6 4.Bg2 Bg7 5.e4 d6 6.Nge2 O-O
 English       | Bremen System     | 3..g6                             |                     |      |      | 1.c4 e5 2.Nc3 Nf6 3.g3 g6 4.Bg2 Bg7 5.Nf3 d6 6.d3 O-O 7.O-O                                                | 1.c4 e5 2.Nc3 Nf6 3.g3 g6 4.Bg2 Bg7 5.Nf3 d6 6.O-O O-O
 English       | Bremen System     | 3..g6                             |                     |      |      | 1.c4 e5 2.Nc3 Nf6 3.g3 g6 4.Bg2 Bg7 5.e4 d6 6.Nge2 O-O 7.d3                                                | 1.c4 e5 2.Nc3 Nf6 3.g3 g6 4.Bg2 Bg7 5.Nf3 d6 6.d3 O-O 7.O-O
 English       | Bremen System     | 3..g6                             |                     |      |      | 1.c4 e5 2.Nc3 Nf6 3.g3 g6 4.Bg2 Bg7 5.Nf3 d6 6.d3 O-O 7.O-O c6                                             | 1.c4 e5 2.Nc3 Nf6 3.g3 g6 4.Bg2 Bg7 5.e4 d6 6.Nge2 O-O 7.d3
 English       | Closed            | 3.g3                              | 3..Nf6              |      |      | 1.c4 e5 2.Nc3 Nc6 3.g3 Nf6 4.Bg2 Bc5                                                                       | 1.c4 e5 2.Nc3 Nc6 3.g3 Nf6 4.Bg2 Bb4
 English       | Closed            | 3.g3                              | 3..Nf6              |      |      | 1.c4 e5 2.Nc3 Nc6 3.g3 Nf6 4.Bg2 Bb4 5.Nd5                                                                 | 1.c4 e5 2.Nc3 Nc6 3.g3 Nf6 4.Bg2 Bc5 5.e3
 English       | Symmetrical       | 2..g6                             |                     |      |      | 1.c4 c5 2.Nc3 g6 3.g3                                                                                      | 1.c4 c5 2.Nc3 g6 3.Nf3
 English       | Symmetrical       | Two Knights                       | 3..g6               |      |      | 1.c4 c5 2.Nf3 Nf6 3.d4 g6 4.Nc3                                                                            | 1.c4 c5 2.Nf3 Nf6 3.d4 g6 4.d5
 English       | Symmetrical       | b6 System                         |                     |      |      | 1.c4 c5 2.Nf3 Nf6 3.g3 b6 4.Bg2 Bb7 5.O-O                                                                  | 1.c4 c5 2.Nf3 Nf6 3.g3 b6 4.Bg2 Bb7 5.Nc3
 Evans Gambit  | Anderssen         |                                   |                     |      |      | 1.e4 e5 2.Nf3 Nc6 3.Bc4 Bc5 4.b4 Bxb4 5.c3 Bc5 6.d4 exd4 7.O-O d6 8.cxd4 Bb6 9.d5                          | 1.e4 e5 2.Nf3 Nc6 3.Bc4 Bc5 4.b4 Bxb4 5.c3 Be7
 Four Knights  | Gunsberg          |                                   |                     |      |      | 1.e4 e5 2.Nf3 Nc6 3.Nc3 Nf6 4.Bb5 Bb4 5.O-O O-O 6.Nd5 Nxd5 7.exd5 e4                                       | 1.e4 e5 2.Nf3 Nc6 3.Nc3 Nf6 4.a3
 KGA           | Bishop's Gambit   | Bryan Countergambit               |                     |      |      | 1.e4 e5 2.f4 exf4 3.Bc4 Qh4+ 4.Kf1 b5                                                                      | 1.e4 e5 2.f4 exf4 3.Bc4 b5
 KGA           | Bishop's Gambit   | McDonnell Attack                  |                     |      |      | 1.e4 e5 2.f4 exf4 3.Bc4 Qh4+ 4.Kf1 g5 5.Nc3 Bg7 6.d4 Ne7 7.g3                                              | 1.e4 e5 2.f4 exf4 3.Bc4 Qh4+ 4.Kf1 g5 5.Nc3 Bg7 6.g3
 KGA           | Hanstein Gambit   |                                   |                     |      |      | 1.e4 e5 2.f4 exf4 3.Nf3 g5 4.Bc4 Bg7 5.O-O h6 6.d4 d6                                                      | 1.e4 e5 2.f4 exf4 3.Nf3 g5 4.Bc4 Bg7 5.d4
 KGD           | Classical         | 4.c3 Nf6 5.d4                     |                     |      |      | 1.e4 e5 2.f4 Bc5 3.Nf3 d6 4.c3 Nf6 5.d4 exd4 6.cxd4 Bb6                                                    | 1.e4 e5 2.f4 Bc5 3.Nf3 d6 4.c3 Nf6 5.d4 Bb6
 King's Indian | Fianchetto        |                                   |                     |      |      | 1.d4 Nf6 2.c4 g6 3.Nc3 Bg7 4.Nf3 d6 5.g3                                                                   | 1.d4 Nf6 2.c4 g6 3.Nf3 Bg7 4.g3 O-O
 King's Indian | Smyslov System    | 6.e3 c6                           |                     |      |      | 1.d4 Nf6 2.c4 g6 3.Nc3 Bg7 4.Nf3 O-O 5.Bg5 d6 6.e3 c6                                                      | 1.d4 Nf6 2.c4 g6 3.Nc3 Bg7 4.Nf3 O-O 5.Bg5 d6 6.e3 c5
 London System |                   |                                   |                     |      |      | 1.d4 d5 2.Nf3 Nf6 3.Bf4 e6 4.e3 c5 5.c3 Nc6 6.Bd3                                                          | 1.d4 d5 2.Nf3 Nf6 3.Bf4 c5 4.e3 e6 5.c3 Nc6
 Old Benoni    | Schmidt           | 3.e4 g6                           |                     |      |      | 1.d4 c5 2.d5 d6 3.e4 g6 4.Nc3 Bg7                                                                          | 1.d4 c5 2.d5 d6 3.e4 g6 4.Nf3 Bg7
 Old Benoni    | Schmidt           | 3.e4 g6                           |                     |      |      | 1.d4 c5 2.d5 d6 3.e4 g6 4.Nf3 Bg7 5.Be2                                                                    | 1.d4 c5 2.d5 d6 3.e4 g6 4.Nc3 Bg7
 Pirc          | Classical         | 5.h3                              |                     |      |      | 1.e4 d6 2.d4 Nf6 3.Nc3 g6 4.Nf3 Bg7 5.h3 O-O                                                               | 1.e4 d6 2.d4 Nf6 3.Nc3 g6 4.Nf3 Bg7 5.h3 c6
 QGA           | Bogoljubow        | 7.a4 Nxc3                         |                     |      |      | 1.d4 d5 2.c4 dxc4 3.Nf3 Nf6 4.Nc3 a6 5.e4 b5 6.e5 Nd5 7.a4 Nxc3 8.bxc3 Qd5                                 | 1.d4 d5 2.c4 dxc4 3.Nf3 Nf6 4.Nc3 a6 5.e4 b5 6.e5 Nd5 7.a4 Nxc3 8.bxc3 Bb7
 QGD           | Exchange          | Main Line                         | 9.Nf3 Re8 10.O-O h6 |      |      | 1.d4 d5 2.c4 e6 3.Nc3 Nf6 4.cxd5 exd5 5.Bg5 c6 6.Qc2 Be7 7.e3 Nbd7 8.Bd3 O-O 9.Nf3 Re8 10.O-O h6 11.Bh4    | 1.d4 d5 2.c4 e6 3.Nc3 Nf6 4.cxd5 exd5 5.Bg5 c6 6.Qc2 Be7 7.e3 Nbd7 8.Bd3 O-O 9.Nf3 Re8 10.O-O h6 11.Bf4
 QGD           | Tartakower System | Main Line                         | 11.Rc1              |      |      | 1.d4 d5 2.c4 e6 3.Nc3 Nf6 4.Bg5 Be7 5.e3 O-O 6.Nf3 h6 7.Bh4 b6 8.cxd5 Nxd5 9.Bxe7 Qxe7 10.Nxd5 exd5 11.Rc1 | 1.d4 d5 2.c4 e6 3.Nc3 Nf6 4.Bg5 Be7 5.e3 O-O 6.Nf3 h6 7.Bh4 b6 8.cxd5 Nxd5 9.Bxe7 Qxe7 10.Nxd5 exd5 11.Be2
 Reti          | KIA               | 2..c5                             |                     |      |      | 1.Nf3 Nf6 2.g3 c5                                                                                          | 1.Nf3 d5 2.g3 c5
 Reti          | KIA               | 2..c5                             |                     |      |      | 1.Nf3 d5 2.g3 c5 3.Bg2                                                                                     | 1.Nf3 Nf6 2.g3 c5
 Reti          | KIA               | 2..c5                             |                     |      |      | 1.Nf3 Nf6 2.g3 c5 3.Bg2                                                                                    | 1.Nf3 d5 2.g3 c5 3.Bg2
 Reti          | KIA               | 2..c5 + 3..g6                     |                     |      |      | 1.Nf3 d5 2.g3 c5 3.Bg2 g6 4.O-O Nc6 5.d3 Nf6                                                               | 1.Nf3 d5 2.g3 c5 3.Bg2 g6 4.O-O Bg7 5.d3
 Reti          | KIA               | 2..c5 + 3..g6                     |                     |      |      | 1.Nf3 d5 2.g3 c5 3.Bg2 g6 4.O-O Bg7 5.d3 Nf6                                                               | 1.Nf3 d5 2.g3 c5 3.Bg2 g6 4.O-O Nc6 5.d3 Nf6
 Reti          | KIA               | French                            |                     |      |      | 1.Nf3 d5 2.g3 c5 3.Bg2 Nc6 4.O-O e6 5.d3 Nge7 6.Nbd2 b6 7.e4                                               | 1.Nf3 d5 2.g3 c5 3.Bg2 Nc6 4.O-O e6 5.d3 Bd6 6.Nbd2 Nge7 7.e4
 Reti          | KIA               | French                            |                     |      |      | 1.Nf3 d5 2.g3 c5 3.Bg2 Nc6 4.O-O e6 5.d3 Nf6 6.Nbd2 b6 7.e4                                                | 1.Nf3 d5 2.g3 c5 3.Bg2 Nc6 4.O-O e6 5.d3 Nge7 6.Nbd2 b6 7.e4
 Reti          | KIA               | French                            |                     |      |      | 1.Nf3 d5 2.g3 c5 3.Bg2 Nc6 4.O-O e6 5.d3 Nf6 6.Nbd2 Be7 7.e4                                               | 1.Nf3 d5 2.g3 c5 3.Bg2 Nc6 4.O-O e6 5.d3 Nf6 6.Nbd2 b6 7.e4
 Reti          | KIA               | French                            |                     |      |      | 1.Nf3 d5 2.g3 c5 3.Bg2 Nc6 4.O-O e6 5.d3 Nf6 6.Nbd2 g6 7.e4 Bg7                                            | 1.Nf3 d5 2.g3 c5 3.Bg2 Nc6 4.O-O e6 5.d3 Nf6 6.Nbd2 Be7 7.e4
 Reti          | KIA               | French                            |                     |      |      | 1.Nf3 d5 2.g3 c5 3.Bg2 Nc6 4.O-O e6 5.d3 Nge7 6.Nbd2 g6 7.e4 Bg7                                           | 1.Nf3 d5 2.g3 c5 3.Bg2 Nc6 4.O-O e6 5.d3 Nf6 6.Nbd2 g6 7.e4 Bg7
 Reti          | KIA               | French                            |                     |      |      | 1.Nf3 d5 2.g3 c5 3.Bg2 Nc6 4.O-O e6 5.d3 Nf6 6.Nbd2 Be7 7.e4 O-O 8.Re1                                     | 1.Nf3 d5 2.g3 c5 3.Bg2 Nc6 4.O-O e6 5.d3 Nge7 6.Nbd2 g6 7.e4 Bg7
 Reti          | KIA               | French                            |                     |      |      | 1.Nf3 d5 2.g3 c5 3.Bg2 Nc6 4.O-O e6 5.d3 Bd6 6.Nbd2 Nge7 7.e4 O-O 8.Re1                                    | 1.Nf3 d5 2.g3 c5 3.Bg2 Nc6 4.O-O e6 5.d3 Nf6 6.Nbd2 Be7 7.e4 O-O 8.Re1
 Reti          | KIA               | Yugoslav                          |                     |      |      | 1.Nf3 d5 2.g3 Nf6 3.Bg2 c6 4.O-O Bg4                                                                       | 1.Nf3 d5 2.g3 c6 3.Bg2 Bg4 4.O-O
 Reti          | KIA               | Yugoslav                          |                     |      |      | 1.Nf3 d5 2.g3 c6 3.Bg2 Bg4 4.O-O Nd7                                                                       | 1.Nf3 d5 2.g3 Nf6 3.Bg2 c6 4.O-O Bg4
 Reti          | KIA               | Yugoslav                          |                     |      |      | 1.Nf3 d5 2.g3 Nf6 3.Bg2 c6 4.O-O Bg4 5.d3                                                                  | 1.Nf3 d5 2.g3 c6 3.Bg2 Bg4 4.O-O Nd7 5.d3
 Reti          | Lisitsin Deferred | 3.Ng5 Nf6                         |                     |      |      | 1.Nf3 f5 2.e4 fxe4 3.Ng5 Nf6 4.d3 e3                                                                       | 1.Nf3 f5 2.e4 fxe4 3.Ng5 Nf6 4.d3 e5
 Reti          | Lisitsin Deferred |                                   |                     |      |      | 1.Nf3 f5 2.d3 Nf6 3.e4                                                                                     | 1.Nf3 f5 2.e4
 Semi-Slav     |                   |                                   |                     |      |      | 1.d4 d5 2.c4 e6 3.Nc3 Nf6 4.Nf3 c6                                                                         | 1.d4 d5 2.c4 e6 3.Nc3 c6
 Sicilian      | Closed            | 2..d6                             |                     |      |      | 1.e4 c5 2.Nc3 d6 3.g3                                                                                      | 1.e4 c5 2.Nc3 d6 3.Nge2
 Sicilian      | Closed            | 3.g3 g6                           |                     |      |      | 1.e4 c5 2.Nc3 Nc6 3.g3 g6 4.Bg2                                                                            | 1.e4 c5 2.Nc3 Nc6 3.g3 g6 4.d3
 Sicilian      | Najdorf           | 6.Be3 e5 7.Nb3 Be6 8.f3 Be7 9.Qd2 |                     |      |      | 1.e4 c5 2.Nf3 d6 3.d4 cxd4 4.Nxd4 Nf6 5.Nc3 a6 6.Be3 e5 7.Nb3 Be6 8.f3 Nbd7 9.Qd2                          | 1.e4 c5 2.Nf3 d6 3.d4 cxd4 4.Nxd4 Nf6 5.Nc3 a6 6.Be3 e5 7.Nb3 Be6 8.f3 Be7 9.Qd2
 Sicilian      | Scheveningen      | Fianchetto                        |                     |      |      | 1.e4 c5 2.Nf3 d6 3.d4 cxd4 4.Nxd4 Nf6 5.Nc3 e6 6.g3 Nc6                                                    | 1.e4 c5 2.Nf3 d6 3.d4 cxd4 4.Nxd4 Nf6 5.Nc3 e6 6.g3 a6
 Sicilian      | Scheveningen      | Fianchetto                        |                     |      |      | 1.e4 c5 2.Nf3 d6 3.d4 cxd4 4.Nxd4 Nf6 5.Nc3 e6 6.g3 Nc6 7.Bg2 a6                                           | 1.e4 c5 2.Nf3 d6 3.d4 cxd4 4.Nxd4 Nf6 5.Nc3 e6 6.g3 Nc6 7.Bg2 Qc7
 Sicilian      | Scheveningen      | Fianchetto                        |                     |      |      | 1.e4 c5 2.Nf3 d6 3.d4 cxd4 4.Nxd4 Nf6 5.Nc3 e6 6.g3 Nc6 7.Bg2 Qc7 8.O-O a6                                 | 1.e4 c5 2.Nf3 d6 3.d4 cxd4 4.Nxd4 Nf6 5.Nc3 e6 6.g3 Nc6 7.Bg2 a6 8.O-O
 Sicilian      | Scheveningen      | Fianchetto                        |                     |      |      | 1.e4 c5 2.Nf3 d6 3.d4 cxd4 4.Nxd4 Nf6 5.Nc3 e6 6.g3 Nc6 7.Bg2 a6 8.O-O Bd7                                 | 1.e4 c5 2.Nf3 d6 3.d4 cxd4 4.Nxd4 Nf6 5.Nc3 e6 6.g3 Nc6 7.Bg2 Qc7 8.O-O a6
 Sicilian      | Scheveningen      | Fianchetto                        |                     |      |      | 1.e4 c5 2.Nf3 d6 3.d4 cxd4 4.Nxd4 Nf6 5.Nc3 e6 6.g3 Nc6 7.Bg2 Qc7 8.O-O a6 9.Re1 Be7                       | 1.e4 c5 2.Nf3 d6 3.d4 cxd4 4.Nxd4 Nf6 5.Nc3 e6 6.g3 Nc6 7.Bg2 a6 8.O-O Bd7
 Sicilian      | Scheveningen      | Keres Attack                      | 6..h6 7.h3          |      |      | 1.e4 c5 2.Nf3 d6 3.d4 cxd4 4.Nxd4 Nf6 5.Nc3 e6 6.g4 h6 7.h3 Nc6 8.Bg2                                      | 1.e4 c5 2.Nf3 d6 3.d4 cxd4 4.Nxd4 Nf6 5.Nc3 e6 6.g4 h6 7.h3 a6 8.Bg2
 Slav          | Exchange          |                                   |                     |      |      | 1.d4 d5 2.c4 c6 3.Nf3 Nf6 4.cxd5                                                                           | 1.d4 d5 2.c4 c6 3.cxd5 cxd5
 Spanish       | Brentano          |                                   |                     |      |      | 1.e4 e5 2.Nf3 Nc6 3.Bb5 a6 4.Ba4 g5                                                                        | 1.e4 e5 2.Nf3 Nc6 3.Bb5 g5
 Spanish       | Cozio Defence     | 4.O-O                             |                     |      |      | 1.e4 e5 2.Nf3 Nc6 3.Bb5 Nge7 4.O-O                                                                         | 1.e4 e5 2.Nf3 Nc6 3.Bb5 Nge7 4.c3
(64 rows)

missing positions
 halfmoves | lead | eco  |      opening       |                                                                        moves                                                                         |               var1               |                var2                |               var3                |  var4  
-----------+------+------+--------------------+------------------------------------------------------------------------------------------------------------------------------------------------------+----------------------------------+------------------------------------+-----------------------------------+--------
         6 |    4 | A02  | Bird               | 1.f4 f5 2.e4 fxe4 3.Nc3 Nf6                                                                                                                          | Swiss Gambit                     |                                    |                                   | 
        17 |   15 | E04n | Catalan            | 1.d4 Nf6 2.c4 e6 3.g3 d5 4.Bg2 dxc4 5.Nf3 c5 6.O-O Nc6 7.Ne5 Bd7 8.Na3 cxd4 9.Naxc4                                                                  | Open                             | 5.Nf3 c5 6.O-O Nc6 7.Ne5 Bd7 8.Na3 |                                   | 
        10 |    8 | A31  | English            | 1.c4 c5 2.Nf3 Nf6 3.d4 cxd4 4.Nxd4 b6 5.Nc3 Bb7                                                                                                      | Symmetrical                      | Two Knights                        | 4..b6                             | 
         8 |    6 | A30e | English            | 1.c4 c5 2.Nf3 Nf6 3.g3 b6 4.Bg2 Bb7                                                                                                                  | Symmetrical                      | b6 System                          |                                   | 
        17 |   10 | C51  | Evans Gambit       | 1.e4 e5 2.Nf3 Nc6 3.Bc4 Bc5 4.b4 Bxb4 5.c3 Bc5 6.d4 exd4 7.O-O d6 8.cxd4 Bb6 9.d5                                                                    | Anderssen                        |                                    |                                   | 
        18 |   16 | C51  | Evans Gambit       | 1.e4 e5 2.Nf3 Nc6 3.Bc4 Bc5 4.b4 Bxb4 5.c3 Bc5 6.d4 exd4 7.O-O d6 8.cxd4 Bb6 9.Nc3 Bg4                                                               | Normal                           |                                    |                                   | 
        14 |    7 | C49c | Four Knights       | 1.e4 e5 2.Nf3 Nc6 3.Nc3 Nf6 4.Bb5 Bb4 5.O-O O-O 6.Nd5 Nxd5 7.exd5 e4                                                                                 | Gunsberg                         |                                    |                                   | 
        13 |    9 | C48k | Four Knights       | 1.e4 e5 2.Nf3 Nc6 3.Nc3 Nf6 4.Bb5 Nd4 5.Nxd4 exd4 6.e5 dxc3 7.exf6                                                                                   | Rubinstein Countergambit         | Exchange                           |                                   | 
         8 |    6 | C02b | French             | 1.e4 e6 2.d4 d5 3.e5 b6 4.c3 Qd7                                                                                                                     | Advance                          | 3..b6                              |                                   | 
        14 |   12 | C11r | French             | 1.e4 e6 2.d4 d5 3.Nc3 Nf6 4.Bg5 dxe4 5.Nxe4 Nbd7 6.Nf3 Be7 7.Nxf6+ Nxf6                                                                              | Burn                             | 5.Nxe4 Nbd7 6.Nf3 Be7              |                                   | 
        17 |   15 | C05k | French             | 1.e4 e6 2.d4 d5 3.Nd2 Nf6 4.e5 Nfd7 5.f4 c5 6.c3 Nc6 7.Ndf3 Qb6 8.Ne2 cxd4 9.cxd4                                                                    | Tarrasch                         | Closed                             | 5.f4 c5 6.c3 Nc6 7.Ndf3 Qb6 8.Ne2 | 
        17 |   15 | C05l | French             | 1.e4 e6 2.d4 d5 3.Nd2 Nf6 4.e5 Nfd7 5.f4 c5 6.c3 Nc6 7.Ndf3 Qb6 8.g3 cxd4 9.cxd4                                                                     | Tarrasch                         | Closed                             | 5.f4 c5 6.c3 Nc6 7.Ndf3 Qb6 8.g3  | 
        17 |   15 | C05j | French             | 1.e4 e6 2.d4 d5 3.Nd2 Nf6 4.e5 Nfd7 5.f4 c5 6.c3 Nc6 7.Ndf3 Qb6 8.h4 cxd4 9.cxd4                                                                     | Tarrasch                         | Closed                             | 5.f4 c5 6.c3 Nc6 7.Ndf3 Qb6 8.h4  | 
        11 |    9 | C54c | Giuoco Piano       | 1.e4 e5 2.Nf3 Nc6 3.Bc4 Bc5 4.c3 Nf6 5.b4 Bb6 6.a4                                                                                                   | Bird's Attack                    |                                    |                                   | 
        20 |   18 | D87c | Gruenfeld          | 1.d4 Nf6 2.c4 g6 3.Nc3 d5 4.cxd5 Nxd5 5.e4 Nxc3 6.bxc3 Bg7 7.Bc4 O-O 8.Ne2 c5 9.Be3 Qa5 10.O-O Nd7                                                   | Classical Exchange               | 8..c5 9.Be3 Qa5                    |                                   | 
         9 |    7 | D81  | Gruenfeld          | 1.d4 Nf6 2.c4 g6 3.Nc3 d5 4.Qb3 dxc4 5.Qxc4                                                                                                          | Early Russian                    |                                    |                                   | 
        15 |   11 | D84  | Gruenfeld          | 1.d4 Nf6 2.c4 g6 3.Nc3 d5 4.Bf4 Bg7 5.e3 O-O 6.cxd5 Nxd5 7.Nxd5 Qxd5 8.Bxc7                                                                          | Gruenfeld Gambit Accepted        |                                    |                                   | 
         6 |    4 | A50m | Indian             | 1.d4 Nf6 2.c4 b6 3.Nc3 Bb7                                                                                                                           | Queen's Indian Accelerated       |                                    |                                   | 
         8 |    6 | C33  | KGA                | 1.e4 e5 2.f4 exf4 3.Bc4 Qh4+ 4.Kf1 b5                                                                                                                | Bishop's Gambit                  | Bryan Countergambit                |                                   | 
        12 |    8 | C33  | KGA                | 1.e4 e5 2.f4 exf4 3.Bc4 Qh4+ 4.Kf1 g5 5.Nc3 Bg7 6.d4 Ne7                                                                                             | Bishop's Gambit                  | Classical Defence                  |                                   | 
        13 |   11 | C33  | KGA                | 1.e4 e5 2.f4 exf4 3.Bc4 Qh4+ 4.Kf1 g5 5.Nc3 Bg7 6.d4 Ne7 7.g3                                                                                        | Bishop's Gambit                  | McDonnell Attack                   |                                   | 
        12 |    9 | C38  | KGA                | 1.e4 e5 2.f4 exf4 3.Nf3 g5 4.Bc4 Bg7 5.O-O h6 6.d4 d6                                                                                                | Hanstein Gambit                  |                                    |                                   | 
        13 |   10 | C39  | KGA                | 1.e4 e5 2.f4 exf4 3.Nf3 g5 4.h4 g4 5.Ne5 d5 6.d4 Nf6 7.Bxf4                                                                                          | Kieseritsky                      | Brentano Defence                   |                                   | 
        12 |   10 | C30q | KGD                | 1.e4 e5 2.f4 Bc5 3.Nf3 d6 4.c3 Nf6 5.d4 exd4 6.cxd4 Bb6                                                                                              | Classical                        | 4.c3 Nf6 5.d4                      |                                   | 
        16 |   14 | E62u | King's Indian      | 1.d4 Nf6 2.c4 g6 3.Nc3 Bg7 4.Nf3 d6 5.g3 O-O 6.Bg2 Nc6 7.O-O e5 8.d5 Ne7                                                                             | Fianchetto                       | Uhlmann-Szabo                      |                                   | 
        19 |   16 | E97c | King's Indian      | 1.d4 Nf6 2.c4 g6 3.Nc3 Bg7 4.e4 d6 5.Nf3 O-O 6.Be2 e5 7.O-O Nc6 8.Be3 Ng4 9.Bg5 f6 10.Bc1                                                            | Mar del Plata                    | 8.Be3 Ng4                          |                                   | 
         9 |    7 | E60h | King's Indian      | 1.d4 Nf6 2.c4 g6 3.Nf3 Bg7 4.b3 O-O 5.Bb2                                                                                                            | b3 System                        |                                    |                                   | 
        15 |   11 | E60i | King's Indian      | 1.d4 Nf6 2.c4 g6 3.Nf3 Bg7 4.b3 d6 5.Bb2 O-O 6.g3 c5 7.Bg2 Nc6 8.O-O                                                                                 | b3+g3 System                     |                                    |                                   | 
         6 |    4 | B06c | Modern             | 1.e4 g6 2.Nc3 Bg7 3.f4 d6                                                                                                                            | 2.Nc3                            | Bg7                                |                                   | 
         8 |    4 | B06d | Modern             | 1.e4 g6 2.d4 Nf6 3.e5 Nh5 4.g4 Ng7                                                                                                                   | Norwegian Defence                |                                    |                                   | 
         9 |    7 | E24  | Nimzo-Indian       | 1.d4 Nf6 2.c4 e6 3.Nc3 Bb4 4.a3 Bxc3+ 5.bxc3                                                                                                         | Saemisch                         |                                    |                                   | 
         4 |    2 | A01  | Nimzowitsch-Larsen | 1.b3 Nf6 2.Bb2 g6                                                                                                                                    | Indian                           |                                    |                                   | 
        12 |    9 | A43i | Old Benoni         | 1.d4 c5 2.d5 e6 3.c4 exd5 4.cxd5 d6 5.Nc3 g6 6.e4 Bg7                                                                                                | 2.d5 e6 3.c4                     | 5.Nc3                              |                                   | 
         8 |    6 | A43t | Old Benoni         | 1.d4 c5 2.d5 d6 3.e4 g6 4.Nf3 Bg7                                                                                                                    | Schmidt                          | 3.e4 g6                            |                                   | 
         8 |    6 | B07c | Pirc               | 1.e4 d6 2.f4 Nf6 3.Nc3 g6 4.Nf3 Bg7                                                                                                                  | 2.f4                             |                                    |                                   | 
         8 |    6 | B07h | Pirc               | 1.e4 d6 2.d4 Nf6 3.Bd3 e5 4.c3 d5                                                                                                                    | 3.Bd3                            |                                    |                                   | 
        10 |    8 | B07h | Pirc               | 1.e4 d6 2.d4 Nf6 3.Bd3 e5 4.c3 d5 5.dxe5 dxe4                                                                                                        | 3.Bd3                            |                                    |                                   | 
         8 |    6 | B07d | Pirc               | 1.e4 d6 2.d4 Nf6 3.Nbd2 g6 4.c3 Bg7                                                                                                                  | 3.Nbd2                           |                                    |                                   | 
        12 |   10 | B07u | Pirc               | 1.e4 d6 2.d4 Nf6 3.Nc3 g6 4.Be3 Bg7 5.Qd2 c6 6.f3 b5                                                                                                 | 4.Be3                            | 150 Attack                         |                                   | 
         9 |    7 | D20c | QGA                | 1.d4 d5 2.c4 dxc4 3.e3 c5 4.Bxc4 cxd4 5.exd4                                                                                                         | 3.e3 c5 4.Bxc4                   |                                    |                                   | 
        14 |   11 | D24g | QGA                | 1.d4 d5 2.c4 dxc4 3.Nf3 Nf6 4.Nc3 c5 5.d5 e6 6.e4 exd5 7.e5 Nfd7                                                                                     | 4.Nc3 c5 5.d5 e6 6.e4            |                                    |                                   | 
        16 |   14 | D24r | QGA                | 1.d4 d5 2.c4 dxc4 3.Nf3 Nf6 4.Nc3 a6 5.e4 b5 6.e5 Nd5 7.a4 Nxc3 8.bxc3 Bb7                                                                           | Bogoljubow                       | 7.a4 Nxc3                          |                                   | 
        18 |   16 | D24t | QGA                | 1.d4 d5 2.c4 dxc4 3.Nf3 Nf6 4.Nc3 a6 5.e4 b5 6.e5 Nd5 7.a4 Nxc3 8.bxc3 Qd5 9.g3 Bb7                                                                  | Bogoljubow                       | 7.a4 Nxc3                          |                                   | 
        13 |   11 | D54b | QGD                | 1.d4 d5 2.c4 e6 3.Nc3 Nf6 4.Bg5 Be7 5.e3 O-O 6.Rc1 h6 7.Bh4                                                                                          | Anti-Neo-Orthodox                |                                    |                                   | 
        16 |   14 | D36g | QGD                | 1.d4 d5 2.c4 e6 3.Nc3 Nf6 4.cxd5 exd5 5.Bg5 c6 6.Qc2 Be7 7.e3 h6 8.Bh4 O-O                                                                           | Exchange                         | 6.Qc2 Be7 7.e3 h6                  |                                   | 
        18 |   16 | D36g | QGD                | 1.d4 d5 2.c4 e6 3.Nc3 Nf6 4.cxd5 exd5 5.Bg5 c6 6.Qc2 Be7 7.e3 h6 8.Bh4 O-O 9.Bd3 Re8                                                                 | Exchange                         | 6.Qc2 Be7 7.e3 h6                  |                                   | 
        16 |   14 | D63  | QGD                | 1.d4 d5 2.c4 e6 3.Nc3 Nf6 4.Bg5 Be7 5.e3 O-O 6.Nf3 Nbd7 7.Rc1 b6 8.cxd5 exd5                                                                         | Orthodox Defence                 | 7.Rc1 b6                           |                                   | 
        28 |   25 | D69  | QGD                | 1.d4 d5 2.c4 e6 3.Nc3 Nf6 4.Bg5 Be7 5.e3 O-O 6.Nf3 Nbd7 7.Rc1 c6 8.Bd3 dxc4 9.Bxc4 Nd5 10.Bxe7 Qxe7 11.O-O Nxc3 12.Rxc3 e5 13.dxe5 Nxe5 14.Nxe5 Qxe5 | Orthodox Defence                 | Classical                          | 13.dxe5                           | 
        20 |   18 | D66  | QGD                | 1.d4 d5 2.c4 e6 3.Nc3 Nf6 4.Bg5 Be7 5.e3 O-O 6.Nf3 Nbd7 7.Rc1 c6 8.Bd3 dxc4 9.Bxc4 b5 10.Bd3 a6                                                      | Orthodox Defence                 | Main Line                          | Fianchetto                        | 
        15 |   13 | D41r | QGD                | 1.d4 d5 2.c4 e6 3.Nc3 Nf6 4.Nf3 c5 5.cxd5 Nxd5 6.e3 Nc6 7.Bc4 cxd4 8.exd4                                                                            | Semi-Tarrasch                    | 6.e3 Nc6 7.Bc4                     |                                   | 
        18 |   16 | D41s | QGD                | 1.d4 d5 2.c4 e6 3.Nc3 Nf6 4.Nf3 c5 5.cxd5 Nxd5 6.e3 Nc6 7.Bc4 cxd4 8.exd4 Be7 9.O-O O-O                                                              | Semi-Tarrasch                    | 6.e3 Nc6 7.Bc4                     |                                   | 
        23 |   21 | D41n | QGD                | 1.d4 d5 2.c4 e6 3.Nc3 Nf6 4.Nf3 c5 5.cxd5 Nxd5 6.e4 Nxc3 7.bxc3 cxd4 8.cxd4 Bb4+ 9.Bd2 Bxd2+ 10.Qxd2 O-O 11.Bc4 Nc6 12.O-O                           | Semi-Tarrasch                    | 6.e4                               | Main Line                         | 
        24 |   21 | D41t | QGD                | 1.d4 d5 2.c4 e6 3.Nc3 Nf6 4.Nf3 c5 5.cxd5 Nxd5 6.e3 Nc6 7.Bc4 cxd4 8.exd4 Be7 9.O-O O-O 10.Re1 Nxc3 11.bxc3 b6 12.Bd3 Bb7                            | Semi-Tarrasch                    | 7.Bc4 Main Line                    |                                   | 
        15 |   13 | E14u | Queen's Indian     | 1.d4 Nf6 2.c4 e6 3.Nf3 b6 4.e3 Bb7 5.Bd3 c5 6.O-O Be7 7.b3 O-O 8.Bb2                                                                                 | 4.e3 Bb7 5.Bd3 c5 6.O-O Be7 7.b3 |                                    |                                   | 
        18 |   14 | E15p | Queen's Indian     | 1.d4 Nf6 2.c4 e6 3.Nf3 b6 4.g3 Ba6 5.b3 Bb4+ 6.Bd2 Be7 7.Bg2 d5 8.cxd5 exd5 9.O-O O-O                                                                | Nimzowitsch                      | 5.b3 Bb4+ 6.Bd2 Be7 7.Bg2 d5       |                                   | 
         9 |    7 | D02i | Queen's Pawn       | 1.d4 d5 2.Nf3 e6 3.g3 c5 4.Bg2 cxd4 5.Nxd4                                                                                                           | 2.Nf3 e6 3.g3 c5                 |                                    |                                   | 
        12 |   10 | D02t | Queen's Pawn       | 1.d4 d5 2.Nf3 Nf6 3.g3 c6 4.Bg2 Bg4 5.O-O Nbd7 6.Nbd2 e6                                                                                             | 3.g3 c6 4.Bg2 Bg4                |                                    |                                   | 
         8 |    6 | D02u | Queen's Pawn       | 1.d4 d5 2.Nf3 Nf6 3.g3 g6 4.Bg2 Bg7                                                                                                                  | 3.g3 g6                          |                                    |                                   | 
        10 |    8 | D02u | Queen's Pawn       | 1.d4 d5 2.Nf3 Nf6 3.g3 g6 4.Bg2 Bg7 5.O-O O-O                                                                                                        | 3.g3 g6                          |                                    |                                   | 
        12 |   10 | A08  | Reti               | 1.Nf3 d5 2.g3 c5 3.Bg2 g6 4.O-O Bg7 5.d3 Nf6 6.Nbd2 O-O                                                                                              | KIA                              | 2..c5 + 3..g6                      |                                   | 
         7 |    5 | A05  | Reti               | 1.Nf3 Nf6 2.g3 g6 3.b4 Bg7 5.Bb2                                                                                                                     | KIA                              | Reti-Smyslov                       |                                   | 
         6 |    4 | A07  | Reti               | 1.Nf3 d5 2.g3 Nc6 3.Bg2 e5                                                                                                                           | KIA                              |                                    |                                   | 
         8 |    6 | A04  | Reti               | 1.Nf3 f5 2.e4 fxe4 3.Ng5 Nf6 4.d3 e5                                                                                                                 | Lisitsin Deferred                | 3.Ng5 Nf6                          |                                   | 
         5 |    3 | A04  | Reti               | 1.Nf3 f5 2.d3 Nf6 3.e4                                                                                                                               | Lisitsin Deferred                |                                    |                                   | 
         7 |    5 | A06  | Reti               | 1.Nf3 d5 2.b3 Bg4 3.Bb2 Nd7 4.e3                                                                                                                     | Nimzowitsch-Larsen               | 2..Bg4                             |                                   | 
         8 |    6 | C43c | Russian Game       | 1.e4 e5 2.Nf3 Nf6 3.d4 exd4 4.e5 Ne4                                                                                                                 | Modern Attack                    |                                    |                                   | 
        19 |   17 | D46q | Semi-Slav          | 1.d4 d5 2.c4 e6 3.Nc3 Nf6 4.Nf3 c6 5.e3 Nbd7 6.Bd3 Bd6 7.O-O O-O 8.e4 dxe4 9.Nxe4 Nxe4 10.Bxe4                                                       | Chigorin Defence                 | Main Line                          |                                   | 
         8 |    6 | D43a | Semi-Slav          | 1.d4 d5 2.c4 e6 3.Nc3 Nf6 4.Nf3 c6                                                                                                                   |                                  |                                    |                                   | 
         6 |    4 | B20  | Sicilian           | 1.e4 c5 2.g3 g6 3.Bg2 Bg7                                                                                                                            | 2.g3                             |                                    |                                   | 
        26 |   23 | B78e | Sicilian           | 1.e4 c5 2.Nf3 d6 3.d4 cxd4 4.Nxd4 Nf6 5.Nc3 g6 6.Be3 Bg7 7.f3 O-O 8.Qd2 Nc6 9.Bc4 Bd7 10.O-O-O Rc8 11.Bb3 Ne5 12.Kb1 Nc4 13.Bxc4 Rxc4                | Dragon                           | Yugosla Attackv                    | Main Line                         | 12.Kb1
        28 |   26 | B78f | Sicilian           | 1.e4 c5 2.Nf3 d6 3.d4 cxd4 4.Nxd4 Nf6 5.Nc3 g6 6.Be3 Bg7 7.f3 O-O 8.Qd2 Nc6 9.Bc4 Bd7 10.O-O-O Rc8 11.Bb3 Ne5 12.Kb1 Nc4 13.Bxc4 Rxc4 14.g4 b5       | Dragon                           | Yugosla Attackv                    | Main Line                         | 12.Kb1
        15 |   13 | B33g | Sicilian           | 1.e4 c5 2.Nf3 Nc6 3.d4 cxd4 4.Nxd4 Nf6 5.Nc3 e5 6.Ndb5 d6 7.a4 a6 8.Na3                                                                              | Pelikan                          | 7.a4                               |                                   | 
        14 |   12 | B80s | Sicilian           | 1.e4 c5 2.Nf3 d6 3.d4 cxd4 4.Nxd4 Nf6 5.Nc3 e6 6.g3 Nc6 7.Bg2 Qc7                                                                                    | Scheveningen                     | Fianchetto                         |                                   | 
        18 |   16 | B80u | Sicilian           | 1.e4 c5 2.Nf3 d6 3.d4 cxd4 4.Nxd4 Nf6 5.Nc3 e6 6.g3 Nc6 7.Bg2 Qc7 8.O-O a6 9.Re1 Be7                                                                 | Scheveningen                     | Fianchetto                         |                                   | 
        15 |   13 | B81i | Sicilian           | 1.e4 c5 2.Nf3 d6 3.d4 cxd4 4.Nxd4 Nf6 5.Nc3 e6 6.g4 h6 7.h3 a6 8.Bg2                                                                                 | Scheveningen                     | Keres Attack                       | 6..h6 7.h3                        | 
        14 |   12 | B83  | Sicilian           | 1.e4 c5 2.Nf3 d6 3.d4 cxd4 4.Nxd4 Nf6 5.Nc3 e6 6.Be2 Nc6 7.O-O Be7                                                                                   | Scheveningen                     | Modern                             |                                   | 
        16 |   14 | B83  | Sicilian           | 1.e4 c5 2.Nf3 d6 3.d4 cxd4 4.Nxd4 Nf6 5.Nc3 e6 6.Be2 Nc6 7.O-O Be7 8.Be3 O-O                                                                         | Scheveningen                     | Modern                             |                                   | 
        15 |   13 | B88  | Sicilian           | 1.e4 c5 2.Nf3 d6 3.d4 cxd4 4.Nxd4 Nf6 5.Nc3 e6 6.Bc4 Nc6 7.Bb3 Be7 8.Be3                                                                             | Sozin-Scheveningen               | 7.Bb3                              |                                   | 
        23 |   20 | D19f | Slav               | 1.d4 d5 2.c4 c6 3.Nf3 Nf6 4.Nc3 dxc4 5.a4 Bf5 6.e3 e6 7.Bxc4 Bb4 8.O-O O-O 9.Qe2 Bg6 10.Ne5 Nbd7 11.Nxg6 hxg6 12.Rd1                                 | Dutch                            | 8..O-O 9.Qe2 Bg6 10.Ne5 Nbd7       | 12.Rd1                            | 
        17 |   15 | D11n | Slav               | 1.d4 d5 2.c4 c6 3.Nf3 Nf6 4.g3 Bg4 5.Bg2 e6 6.O-O Nbd7 7.b3 Be7 8.Bb2 O-O 9.Nbd2                                                                     | Slav-Reti System                 | 7.b3                               | 7..Be7                            | 
        17 |   15 | D11n | Slav               | 1.d4 d5 2.c4 c6 3.Nf3 Nf6 4.g3 Bg4 5.Bg2 e6 6.O-O Nbd7 7.b3 Bd6 8.Bb2 O-O 9.Nbd2                                                                     | Slav-Reti System                 | 7.b3                               |                                   | 
        15 |   13 | C78i | Spanish            | 1.e4 e5 2.Nf3 Nc6 3.Bb5 a6 4.Ba4 Nf6 5.O-O b5 6.Bb3 Bc5 7.Nxe5 Nxe5 8.d4                                                                             | 5.O-O b5 6.Bb3 Bc5 7.Nxe5        |                                    |                                   | 
         8 |    6 | C70  | Spanish            | 1.e4 e5 2.Nf3 Nc6 3.Bb5 a6 4.Ba4 g5                                                                                                                  | Brentano                         |                                    |                                   | 
        10 |    8 | D03f | Torre Attack       | 1.d4 d5 2.Nf3 Nf6 3.Bg5 e6 4.e3 Nbd7 5.Nbd2 Be7                                                                                                      | 3..e6 4.e3 Nbd7                  |                                    |                                   | 
        12 |   10 | D03j | Torre Attack       | 1.d4 d5 2.Nf3 Nf6 3.Bg5 e6 4.e3 c5 5.Nbd2 Be7 6.c3 Nbd7                                                                                              | 3..e6 4.e3 c5                    | 5..Be7                             |                                   | 
         9 |    6 | C26i | Vienna             | 1.e4 e5 2.Nc3 Nf6 3.g3 d5 4.exd5 Nxd5 5.Bg2                                                                                                          | Smyslov                          | 3..d5                              |                                   | 
(86 rows)

